<?xml version="1.0" encoding="UTF-8"?>
<testsuite name="com.validator.ValidateSaIdTest" tests="1" skipped="0" failures="0" errors="0" timestamp="2025-04-22T14:18:52.218Z" hostname="DESKTOP-279TG11" time="0.02">
  <properties/>
  <testcase name="validIdNumbersShouldReturnTrue()" classname="com.validator.ValidateSaIdTest" time="0.02"/>
  <system-out><![CDATA[]]></system-out>
  <system-err><![CDATA[]]></system-err>
</testsuite>
